<?xml version="1.0" encoding="UTF-8"?>
<!-- Generated by org.testng.reporters.JUnitXMLReporter -->
<testsuite hostname="DESKTOP-RHSMNHP" ignored="0" name="Test" tests="5" failures="0" timestamp="04 Dec 2019 14:14:48 GMT" time="16.518" errors="0">
  <testcase name="Selenium1" time="16.439" classname="qaclickacademy.SeleniumTest"/>
  <testcase name="Rest1" time="0.002" classname="qaclickacademy.RESTAPITest"/>
  <testcase name="Rest2" time="0.002" classname="qaclickacademy.RESTAPITest"/>
  <testcase name="Appium1" time="0.002" classname="qaclickacademy.AppiumTest"/>
  <testcase name="Appium2" time="0.002" classname="qaclickacademy.AppiumTest"/>
</testsuite> <!-- Test -->
