<?xml version="1.0" encoding="UTF-8"?>
<!-- Generated by org.testng.reporters.JUnitXMLReporter -->
<testsuite ignored="0" hostname="DESKTOP-RHSMNHP" failures="0" tests="5" name="Command line test" time="12.493" errors="0" timestamp="26 Apr 2019 10:27:34 GMT">
  <testcase classname="qaclickacademy.AppiumTest" name="Appium1" time="0.016"/>
  <testcase classname="qaclickacademy.AppiumTest" name="Appium2" time="0.001"/>
  <testcase classname="qaclickacademy.RESTAPITest" name="Rest1" time="0.0"/>
  <testcase classname="qaclickacademy.RESTAPITest" name="Rest2" time="0.0"/>
  <testcase classname="qaclickacademy.SeleniumTest" name="Selenium1" time="12.442"/>
</testsuite> <!-- Command line test -->
