<?xml version="1.0" encoding="UTF-8"?>
<testng-results ignored="0" total="5" passed="5" failed="0" skipped="0">
  <reporter-output>
  </reporter-output>
  <suite started-at="2019-04-26T10:27:20Z" name="Command line suite" finished-at="2019-04-26T10:27:33Z" duration-ms="12493">
    <groups>
    </groups>
    <test started-at="2019-04-26T10:27:20Z" name="Command line test" finished-at="2019-04-26T10:27:33Z" duration-ms="12493">
      <class name="qaclickacademy.AppiumTest">
        <test-method signature="Appium1()[pri:0, instance:qaclickacademy.AppiumTest@6580cfdd]" started-at="2019-04-26T10:27:20Z" name="Appium1" finished-at="2019-04-26T10:27:20Z" duration-ms="16" status="PASS">
          <reporter-output>
          </reporter-output>
        </test-method> <!-- Appium1 -->
        <test-method signature="Appium2()[pri:0, instance:qaclickacademy.AppiumTest@6580cfdd]" started-at="2019-04-26T10:27:20Z" name="Appium2" finished-at="2019-04-26T10:27:20Z" duration-ms="1" status="PASS">
          <reporter-output>
          </reporter-output>
        </test-method> <!-- Appium2 -->
      </class> <!-- qaclickacademy.AppiumTest -->
      <class name="qaclickacademy.RESTAPITest">
        <test-method signature="Rest1()[pri:0, instance:qaclickacademy.RESTAPITest@7e0b85f9]" started-at="2019-04-26T10:27:20Z" name="Rest1" finished-at="2019-04-26T10:27:20Z" duration-ms="0" status="PASS">
          <reporter-output>
          </reporter-output>
        </test-method> <!-- Rest1 -->
        <test-method signature="Rest2()[pri:0, instance:qaclickacademy.RESTAPITest@7e0b85f9]" started-at="2019-04-26T10:27:20Z" name="Rest2" finished-at="2019-04-26T10:27:20Z" duration-ms="0" status="PASS">
          <reporter-output>
          </reporter-output>
        </test-method> <!-- Rest2 -->
      </class> <!-- qaclickacademy.RESTAPITest -->
      <class name="qaclickacademy.SeleniumTest">
        <test-method signature="Selenium1()[pri:0, instance:qaclickacademy.SeleniumTest@63355449]" started-at="2019-04-26T10:27:20Z" name="Selenium1" finished-at="2019-04-26T10:27:33Z" duration-ms="12442" status="PASS">
          <reporter-output>
          </reporter-output>
        </test-method> <!-- Selenium1 -->
      </class> <!-- qaclickacademy.SeleniumTest -->
    </test> <!-- Command line test -->
  </suite> <!-- Command line suite -->
</testng-results>
